<?xml version="1.0" encoding="UTF-8"?>
<!-- Generated by org.testng.reporters.JUnitXMLReporter -->
<testsuite hostname="LAPTOP-J9CV2VD6" ignored="0" name="login test cases" tests="4" failures="0" timestamp="2023-02-10T19:27:28 IST" time="50.415" errors="0">
  <testcase name="loginWithCorrectUsernamePwd" time="14.972" classname="LoginScenarios.BothCorrect"/>
  <testcase name="loginWithInCorrectUsernamePwd" time="10.715" classname="LoginScenarios.BothIncorrect"/>
  <testcase name="loginWithCorrectUsername" time="12.693" classname="LoginScenarios.CorrectUsername"/>
  <testcase name="loginWithCorrectPassword" time="11.955" classname="LoginScenarios.CorrectPassword"/>
</testsuite> <!-- login test cases -->
