<?xml version="1.0" encoding="UTF-8"?>
<!-- Generated by org.testng.reporters.JUnitXMLReporter -->
<testsuite hostname="LAPTOP-J9CV2VD6" ignored="0" name="login to the Application with set of data" tests="4" failures="0" timestamp="2023-02-19T08:31:04 IST" time="34.838" errors="0">
  <testcase name="loginWithCorrectUsernamePwd" time="8.615" classname="LoginScenarios.Login"/>
  <testcase name="loginWithCorrectUsernamePwd" time="8.301" classname="LoginScenarios.Login"/>
  <testcase name="loginWithCorrectUsernamePwd" time="6.46" classname="LoginScenarios.Login"/>
  <testcase name="loginWithCorrectUsernamePwd" time="6.883" classname="LoginScenarios.Login"/>
</testsuite> <!-- login to the Application with set of data -->
