<?xml version="1.0" encoding="UTF-8"?>
<testng-results skipped="0" failed="0" ignored="0" total="4" passed="4">
  <reporter-output>
  </reporter-output>
  <suite name="login" duration-ms="34838" started-at="2023-02-19T08:30:29 IST" finished-at="2023-02-19T08:31:04 IST">
    <groups>
    </groups>
    <test name="login to the Application with set of data" duration-ms="34838" started-at="2023-02-19T08:30:29 IST" finished-at="2023-02-19T08:31:04 IST">
      <class name="LoginScenarios.Login">
        <test-method status="PASS" signature="beforeTest()[pri:0, instance:LoginScenarios.Login@4232c52b]" name="beforeTest" is-config="true" duration-ms="3582" started-at="2023-02-19T08:30:29 IST" finished-at="2023-02-19T08:30:32 IST">
          <reporter-output>
          </reporter-output>
        </test-method> <!-- beforeTest -->
        <test-method status="PASS" signature="loginWithCorrectUsernamePwd(java.lang.String,java.lang.String)[pri:0, instance:LoginScenarios.Login@4232c52b]" name="loginWithCorrectUsernamePwd" duration-ms="8615" started-at="2023-02-19T08:30:33 IST" data-provider="loginData" finished-at="2023-02-19T08:30:41 IST">
          <params>
            <param index="0">
              <value>
                <![CDATA[Admin]]>
              </value>
            </param>
            <param index="1">
              <value>
                <![CDATA[admin1231]]>
              </value>
            </param>
          </params>
          <reporter-output>
          </reporter-output>
        </test-method> <!-- loginWithCorrectUsernamePwd -->
        <test-method status="PASS" signature="loginWithCorrectUsernamePwd(java.lang.String,java.lang.String)[pri:0, instance:LoginScenarios.Login@4232c52b]" name="loginWithCorrectUsernamePwd" duration-ms="8301" started-at="2023-02-19T08:30:41 IST" data-provider="loginData" finished-at="2023-02-19T08:30:50 IST">
          <params>
            <param index="0">
              <value>
                <![CDATA[Admin1]]>
              </value>
            </param>
            <param index="1">
              <value>
                <![CDATA[admin123]]>
              </value>
            </param>
          </params>
          <reporter-output>
          </reporter-output>
        </test-method> <!-- loginWithCorrectUsernamePwd -->
        <test-method status="PASS" signature="loginWithCorrectUsernamePwd(java.lang.String,java.lang.String)[pri:0, instance:LoginScenarios.Login@4232c52b]" name="loginWithCorrectUsernamePwd" duration-ms="6460" started-at="2023-02-19T08:30:50 IST" data-provider="loginData" finished-at="2023-02-19T08:30:56 IST">
          <params>
            <param index="0">
              <value>
                <![CDATA[Admin1]]>
              </value>
            </param>
            <param index="1">
              <value>
                <![CDATA[admin1231]]>
              </value>
            </param>
          </params>
          <reporter-output>
          </reporter-output>
        </test-method> <!-- loginWithCorrectUsernamePwd -->
        <test-method status="PASS" signature="loginWithCorrectUsernamePwd(java.lang.String,java.lang.String)[pri:0, instance:LoginScenarios.Login@4232c52b]" name="loginWithCorrectUsernamePwd" duration-ms="6883" started-at="2023-02-19T08:30:56 IST" data-provider="loginData" finished-at="2023-02-19T08:31:03 IST">
          <params>
            <param index="0">
              <value>
                <![CDATA[Admin]]>
              </value>
            </param>
            <param index="1">
              <value>
                <![CDATA[admin123]]>
              </value>
            </param>
          </params>
          <reporter-output>
          </reporter-output>
        </test-method> <!-- loginWithCorrectUsernamePwd -->
        <test-method status="PASS" signature="AfterTest()[pri:0, instance:LoginScenarios.Login@4232c52b]" name="AfterTest" is-config="true" duration-ms="799" started-at="2023-02-19T08:31:03 IST" finished-at="2023-02-19T08:31:04 IST">
          <reporter-output>
          </reporter-output>
        </test-method> <!-- AfterTest -->
      </class> <!-- LoginScenarios.Login -->
    </test> <!-- login to the Application with set of data -->
  </suite> <!-- login -->
</testng-results>
